1Phytophthora_aff_infestans_P13660	temp_seq_1
1Phytophthora_infestans_CBS36651	temp_seq_2
1Phytophthora_ipomoeae_P10225	temp_seq_3
1Phytophthora_mirabilis_CBS67885	temp_seq_4
1Phytophthora_phaseoli_CBS55688	temp_seq_5
1Phytophthora_sp_andina_EC3163	temp_seq_6
1Phytophthora_cactorum_CBS113344	temp_seq_7
1Phytophthora_hedraiandra_CBS118732	temp_seq_8
1Phytophthora_idaei_P6767	temp_seq_9
1Phytophthora_nicotianae_CBS30329	temp_seq_10
1Phytophthora_tabaci_CBS30529	temp_seq_11
1Phytophthora_tentaculata_CBS100411	temp_seq_12
1Phytophthora_clandestina_P3942	temp_seq_13
1Phytophthora_iranica_CBS37472	temp_seq_14
2Phytophthora_frigida_P16051	temp_seq_15
2Phytophthora_bisheria_P10117	temp_seq_16
2Phytophthora_multivesiculata_CBS54596	temp_seq_17
2Phytophthora_botryosa_CBS58169	temp_seq_18
2Phytophthora_citrophthora_CBS111338	temp_seq_19
2Phytophthora_colocasiae_P6290	temp_seq_20
2Phytophthora_meadii_CBS21988	temp_seq_21
2Phytophthora_aff_meadii_CBS23530	temp_seq_22
2Phytophthora_citricola_CBS22188	temp_seq_23
2Phytophthora_multivora_CBS113347	temp_seq_24
2Phytophthora_pini_CBS18125	temp_seq_25
2Phytophthora_plurivora_CBS37961	temp_seq_26
2Phytophthora_sp_nov_CBS36879	temp_seq_27
2Phytophthora_mengei_P10139	temp_seq_28
2Phytophthora_siskiyouensis_P15122	temp_seq_29
2Phytophthora_sp_nov_P1212	temp_seq_30
2Phytophthora_mexicana_P0646	temp_seq_31
2Phytophthora_tropicalis_CBS43491	temp_seq_32
2Phytophthora_capsici_CBS12823	temp_seq_33
2Phytophthora_sp_glovera_P10618	temp_seq_34
2Phytophthora_acerina_BO57	temp_seq_35
2Phytophthora_capensis_P1819	temp_seq_36
2_Phytophthora_emanzi_CMW35510	temp_seq_37
2Phytophthora_sp._FFM22.2	temp_seq_38
2Phytophthora_sp._UK92615	temp_seq_39
2Phytophthora_multivora_DDS3480	temp_seq_40
2Phytophthora_multivora_VHS21011	temp_seq_41
2Phytophthora_pini_CBS18125	temp_seq_42
2Phytophthora_citricola_CBS22188	temp_seq_43
2Phytophthora_plurivora_CBS37961	temp_seq_44
3Phytophthora_ilicis_P3939	temp_seq_45
3Phytophthora_nemorosa_CBS114870	temp_seq_46
3Phytophthora_pseudosyringae_391716	temp_seq_47
3Phytophthora_psychrophila_P10433	temp_seq_48
4Phytophthora_alticola_P16052	temp_seq_49
4Phytophthora_quercetorum_P15555	temp_seq_50
4Phytophthora_megakarya_P1664	temp_seq_51
3Phytophthora_quercina_CBS78195	temp_seq_52
3Phytophthora_sp_ohioensis_P16050	temp_seq_53
4Phytophthora_arecae_CBS30562	temp_seq_54
4Phytophthora_palmivora_CBS17926	temp_seq_55
4Phytophthora_litchii_CBS10081	temp_seq_56
5Phytophthora_katsurae_CBS58785	temp_seq_57
5Phytophthora_sp_novaeguinea_P1256	temp_seq_58
5Phytophthora_heveae_CBS29629	temp_seq_59
6Phytophthora_sp_nov_CBS114338	temp_seq_60
6Phytophthora_sp_nov_BR333	temp_seq_61
VHS17779	temp_seq_62
P._gemini_CBS268.85	temp_seq_63
HSA2304	temp_seq_64
P._humicolalike_PAB11.04	temp_seq_65
P._taxon_sedge__VHS25675_R1C	temp_seq_66
P._taxon_personii_P11555	temp_seq_67
P._aff._rosacearum_DDS2909	temp_seq_68
P._rosacearum_P292	temp_seq_69
P._taxon_kwongon_TCH009	temp_seq_70
P._taxon_kwongonlike_CLJO100	temp_seq_71
P._taxon_walnut_P281	temp_seq_72
Phytophthora_asparagi_VHS17644_EU301168	temp_seq_73
Phytophthora_humicola_P6702_FJ801938	temp_seq_74
Phytophthora_inundata_IMI390121_GU993898	temp_seq_75
Phytophthora_amnicola_CBS131652_JQ029956	temp_seq_76
P._amnicola_CBS131652	temp_seq_77
PPhytophthora_fluvialis_CBS129424_JF701436_	temp_seq_78
Phytophthora_litoralis_CBS127953_HQ012948	temp_seq_79
Phytophthora_thermophila_CBS127954_EU301155	temp_seq_80
Phytophthora_gonapodyides_H_14_02_JF912516	temp_seq_81
Phytophthora_megasperma_IMI133317_AF266794	temp_seq_82
Phytophthora_pinifolia_CMW26668_EU725806	temp_seq_83
Phytophthora_taxon_paludosa_MUCC765_HQ012953	temp_seq_84
Phytophthora_gibbosa_CBS127951_HQ012933	temp_seq_85
Phytophthora_gregata_CBS127952_HQ012942	temp_seq_86
Phytophthora_taxon_raspberry_P1050_AF541905	temp_seq_87
Phytophthora_taxon_PgChlamydo_VHS3753_EU301160	temp_seq_88
Phytophthora_taxon_Forestsoil_H_6_02	temp_seq_89
Phytophthora_taxon_hungarica_JA566	temp_seq_90
Phytophthora_bilorbang_CBS161653_JQ256377	temp_seq_91
P._borealis_AKWA58.10708_HM004232	temp_seq_92
P._riparia_VI_3100B9F_HM004225	temp_seq_93
Phytophthora_lacustris_P245_AF266793	temp_seq_94
7Phytophthora_alni_CBS117375	temp_seq_95
7Phytophthora_cambivora_P0592	temp_seq_96
7Phytophthora_europaea_BR1072	temp_seq_97
7Phytophthora_fragariae_CBS20946	temp_seq_98
7Phytophthora_rubi_CBS109892	temp_seq_99
7Phytophthora_uliginosa_P10413	temp_seq_100
7Phytophthora_cinnamomi_CBS14422	temp_seq_101
7Phytophthora_sp_nov_P3600	temp_seq_102
7Phytophthora_cinnamomi_var_parvispora_CBS41196	temp_seq_103
7Phytophthora_cinnamomi_var_robiniae_P16351	temp_seq_104
7Phytophthora_melonis_CBS58269	temp_seq_105
7Phytophthora_sinensis_CBS55788	temp_seq_106
7Phytophthora_pistaciae_P6196	temp_seq_107
7Phytophthora_cajani_P3105	temp_seq_108
7Phytophthora_sojae_CBS38261	temp_seq_109
7Phytophthora_sp_niederhauserii_P10279	temp_seq_110
7Phytophthora_vignae_P7471	temp_seq_111
8Phytophthora_cryptogea_CBS11319	temp_seq_112
8Phytophthora_drechsleri_P10331	temp_seq_113
8Phytophthora_erythroseptica_CBS111343	temp_seq_114
8Phytophthora_himalayensis_CBS35759	temp_seq_115
8Phytophthora_sp_kelmania_CBS30762	temp_seq_116
8Phytophthora_sansomeana_CBS95787	temp_seq_117
8Phytophthora_medicaginis_BR610	temp_seq_118
8Phytophthora_trifolii_CBS117688	temp_seq_119
8Phytophthora_hibernalis_CBS119904	temp_seq_120
8Phytophthora_sp_nov_CBS111346	temp_seq_121
8Phytophthora_lateralis_Lev1213	temp_seq_122
8Phytophthora_austrocedrae_P15132	temp_seq_123
8Phytophthora_aff_primulae_P6817	temp_seq_124
8Phytophthora_brassicae_CBS112277	temp_seq_125
8Phytophthora_ramorum_CBS101553	temp_seq_126
8Phytophthora_foliorum_P10969	temp_seq_127
8Phytophthora_syringae_CBS110161	temp_seq_128
8Phytophthora_porri_CBS14287	temp_seq_129
8Phytophthora_primulae_CBS110162	temp_seq_130
8Phytophthora_sp_nov_P10728	temp_seq_131
8Phytophthora_sp_nov_P6207	temp_seq_132
10Phytophthora_gallica_GU983636	temp_seq_133
10Phytophthora_morindae_GQ166764	temp_seq_134
10Phytophthora_kernoviae_393172	temp_seq_135
10Phytophthora_boehmeriae_CBS29129	temp_seq_136
9Phytophthora_quininea_HQ261661	temp_seq_137
9Phytophthora_richardiae_FJ801391	temp_seq_138
9Phytophthora_macrochlamydospora_351473	temp_seq_139
9Phytophthora_constricta_HQ013225	temp_seq_140
9Phytophthora_captiosa_P10719	temp_seq_141
9Phytophthora_fallax_P10722	temp_seq_142
9Phytophthora_insolita_288805	temp_seq_143
9Phytophthora_polonica_P15005	temp_seq_144
9Phytophthora_aquimorbida_40F9_FJ666129	temp_seq_145
9Phytophthora_chrysanthemi_AB511826TYPE	temp_seq_146
9Phytophthora_hydropathica_EU583793TYPE	temp_seq_147
9Phytophthora_irrigata_FJ196758TYPE	temp_seq_148
9Phytophthora_sp_cuyabensis_P8213	temp_seq_149
9Phytophthora_sp_lagoariana_P8220	temp_seq_150
9Phytophthora_sp_napoensis_P8221	temp_seq_151
9Phytophthora_parsiana_AY659739TYPE	temp_seq_152
9Phytophthora_sp_thermophilum_P10457	temp_seq_153
